<?xml version="1.0" encoding="UTF-8"?>
<coverage generated="1744542693896" clover="3.2.0">
  <project timestamp="1744542693896" name="All files">
    <metrics statements="24" coveredstatements="17" conditionals="8" coveredconditionals="6" methods="10" coveredmethods="4" elements="42" coveredelements="27" complexity="0" loc="24" ncloc="24" packages="1" files="1" classes="1"/>
    <file name="Body.js" path="C:\Users\abhishekb\OneDrive - GainInsights Solutions Pvt Ltd\Documents\Self learn\Namaste_react\src\components\Body.js">
      <metrics statements="24" coveredstatements="17" conditionals="8" coveredconditionals="6" methods="10" coveredmethods="4"/>
      <line num="10" count="1" type="stmt"/>
      <line num="11" count="2" type="stmt"/>
      <line num="12" count="2" type="stmt"/>
      <line num="13" count="2" type="stmt"/>
      <line num="15" count="2" type="stmt"/>
      <line num="17" count="2" type="stmt"/>
      <line num="19" count="2" type="stmt"/>
      <line num="20" count="1" type="stmt"/>
      <line num="22" count="1" type="stmt"/>
      <line num="25" count="1" type="stmt"/>
      <line num="28" count="1" type="stmt"/>
      <line num="33" count="2" type="stmt"/>
      <line num="34" count="1" type="stmt"/>
      <line num="37" count="2" type="stmt"/>
      <line num="39" count="2" type="cond" truecount="1" falsecount="1"/>
      <line num="40" count="0" type="stmt"/>
      <line num="42" count="2" type="stmt"/>
      <line num="50" count="0" type="stmt"/>
      <line num="57" count="0" type="stmt"/>
      <line num="58" count="0" type="stmt"/>
      <line num="60" count="0" type="stmt"/>
      <line num="68" count="0" type="stmt"/>
      <line num="78" count="0" type="stmt"/>
      <line num="89" count="8" type="stmt"/>
    </file>
  </project>
</coverage>
