<?xml version="1.0" encoding="UTF-8"?>
<coverage generated="1743344826443" clover="3.2.0">
  <project timestamp="1743344826444" name="All files">
    <metrics statements="40" coveredstatements="29" conditionals="11" coveredconditionals="3" methods="14" coveredmethods="7" elements="65" coveredelements="39" complexity="0" loc="40" ncloc="40" packages="2" files="8" classes="8"/>
    <package name="components">
      <metrics statements="21" coveredstatements="15" conditionals="11" coveredconditionals="3" methods="7" coveredmethods="5"/>
      <file name="Contacts.js" path="C:\Users\abhishekb\OneDrive - GainInsights Solutions Pvt Ltd\Documents\Self learn\Namaste_react\src\components\Contacts.js">
        <metrics statements="12" coveredstatements="6" conditionals="7" coveredconditionals="1" methods="3" coveredmethods="1"/>
        <line num="3" count="1" type="stmt"/>
        <line num="4" count="2" type="stmt"/>
        <line num="10" count="2" type="stmt"/>
        <line num="12" count="2" type="stmt"/>
        <line num="13" count="0" type="stmt"/>
        <line num="14" count="0" type="stmt"/>
        <line num="20" count="2" type="stmt"/>
        <line num="21" count="0" type="stmt"/>
        <line num="24" count="0" type="cond" truecount="0" falsecount="5"/>
        <line num="25" count="0" type="stmt"/>
        <line num="27" count="0" type="stmt"/>
        <line num="31" count="2" type="stmt"/>
      </file>
      <file name="Header.js" path="C:\Users\abhishekb\OneDrive - GainInsights Solutions Pvt Ltd\Documents\Self learn\Namaste_react\src\components\Header.js">
        <metrics statements="7" coveredstatements="7" conditionals="4" coveredconditionals="2" methods="3" coveredmethods="3"/>
        <line num="8" count="1" type="stmt"/>
        <line num="9" count="4" type="stmt"/>
        <line num="10" count="4" type="stmt"/>
        <line num="12" count="4" type="stmt"/>
        <line num="15" count="7" type="stmt"/>
        <line num="19" count="4" type="stmt"/>
        <line num="50" count="1" type="cond" truecount="1" falsecount="1"/>
      </file>
      <file name="sum.js" path="C:\Users\abhishekb\OneDrive - GainInsights Solutions Pvt Ltd\Documents\Self learn\Namaste_react\src\components\sum.js">
        <metrics statements="2" coveredstatements="2" conditionals="0" coveredconditionals="0" methods="1" coveredmethods="1"/>
        <line num="1" count="1" type="stmt"/>
        <line num="2" count="1" type="stmt"/>
      </file>
    </package>
    <package name="utils">
      <metrics statements="19" coveredstatements="14" conditionals="0" coveredconditionals="0" methods="7" coveredmethods="2"/>
      <file name="UserContext.js" path="C:\Users\abhishekb\OneDrive - GainInsights Solutions Pvt Ltd\Documents\Self learn\Namaste_react\src\utils\UserContext.js">
        <metrics statements="1" coveredstatements="1" conditionals="0" coveredconditionals="0" methods="0" coveredmethods="0"/>
        <line num="3" count="1" type="stmt"/>
      </file>
      <file name="appStore.js" path="C:\Users\abhishekb\OneDrive - GainInsights Solutions Pvt Ltd\Documents\Self learn\Namaste_react\src\utils\appStore.js">
        <metrics statements="1" coveredstatements="1" conditionals="0" coveredconditionals="0" methods="0" coveredmethods="0"/>
        <line num="4" count="1" type="stmt"/>
      </file>
      <file name="cartSlice.js" path="C:\Users\abhishekb\OneDrive - GainInsights Solutions Pvt Ltd\Documents\Self learn\Namaste_react\src\utils\cartSlice.js">
        <metrics statements="5" coveredstatements="2" conditionals="0" coveredconditionals="0" methods="3" coveredmethods="0"/>
        <line num="4" count="1" type="stmt"/>
        <line num="12" count="0" type="stmt"/>
        <line num="15" count="0" type="stmt"/>
        <line num="18" count="0" type="stmt"/>
        <line num="23" count="1" type="stmt"/>
      </file>
      <file name="data.js" path="C:\Users\abhishekb\OneDrive - GainInsights Solutions Pvt Ltd\Documents\Self learn\Namaste_react\src\utils\data.js">
        <metrics statements="4" coveredstatements="4" conditionals="0" coveredconditionals="0" methods="0" coveredmethods="0"/>
        <line num="1" count="1" type="stmt"/>
        <line num="3" count="1" type="stmt"/>
        <line num="5" count="1" type="stmt"/>
        <line num="7" count="1" type="stmt"/>
      </file>
      <file name="useOnlineStatuus.js" path="C:\Users\abhishekb\OneDrive - GainInsights Solutions Pvt Ltd\Documents\Self learn\Namaste_react\src\utils\useOnlineStatuus.js">
        <metrics statements="8" coveredstatements="6" conditionals="0" coveredconditionals="0" methods="4" coveredmethods="2"/>
        <line num="3" count="1" type="stmt"/>
        <line num="5" count="4" type="stmt"/>
        <line num="7" count="4" type="stmt"/>
        <line num="8" count="4" type="stmt"/>
        <line num="9" count="0" type="stmt"/>
        <line num="12" count="4" type="stmt"/>
        <line num="13" count="0" type="stmt"/>
        <line num="17" count="4" type="stmt"/>
      </file>
    </package>
  </project>
</coverage>
