{"C:\\Users\\abhishekb\\OneDrive - GainInsights Solutions Pvt Ltd\\Documents\\Self learn\\Namaste_react\\src\\components\\Contacts.js": {"path":"C:\\Users\\abhishekb\\OneDrive - GainInsights Solutions Pvt Ltd\\Documents\\Self learn\\Namaste_react\\src\\components\\Contacts.js","statementMap":{"0":{"start":{"line":3,"column":17},"end":{"line":91,"column":1}},"1":{"start":{"line":4,"column":34},"end":{"line":8,"column":4}},"2":{"start":{"line":10,"column":30},"end":{"line":10,"column":42}},"3":{"start":{"line":12,"column":23},"end":{"line":18,"column":3}},"4":{"start":{"line":13,"column":28},"end":{"line":13,"column":36}},"5":{"start":{"line":14,"column":4},"end":{"line":17,"column":7}},"6":{"start":{"line":20,"column":23},"end":{"line":29,"column":3}},"7":{"start":{"line":21,"column":4},"end":{"line":21,"column":23}},"8":{"start":{"line":24,"column":4},"end":{"line":28,"column":5}},"9":{"start":{"line":25,"column":6},"end":{"line":25,"column":46}},"10":{"start":{"line":27,"column":6},"end":{"line":27,"column":47}},"11":{"start":{"line":31,"column":2},"end":{"line":90,"column":4}}},"fnMap":{"0":{"name":"(anonymous_0)","decl":{"start":{"line":3,"column":17},"end":{"line":3,"column":18}},"loc":{"start":{"line":3,"column":23},"end":{"line":91,"column":1}},"line":3},"1":{"name":"(anonymous_1)","decl":{"start":{"line":12,"column":23},"end":{"line":12,"column":24}},"loc":{"start":{"line":12,"column":30},"end":{"line":18,"column":3}},"line":12},"2":{"name":"(anonymous_2)","decl":{"start":{"line":20,"column":23},"end":{"line":20,"column":24}},"loc":{"start":{"line":20,"column":30},"end":{"line":29,"column":3}},"line":20}},"branchMap":{"0":{"loc":{"start":{"line":24,"column":4},"end":{"line":28,"column":5}},"type":"if","locations":[{"start":{"line":24,"column":4},"end":{"line":28,"column":5}},{"start":{"line":26,"column":11},"end":{"line":28,"column":5}}],"line":24},"1":{"loc":{"start":{"line":24,"column":8},"end":{"line":24,"column":59}},"type":"binary-expr","locations":[{"start":{"line":24,"column":8},"end":{"line":24,"column":21}},{"start":{"line":24,"column":25},"end":{"line":24,"column":39}},{"start":{"line":24,"column":43},"end":{"line":24,"column":59}}],"line":24},"2":{"loc":{"start":{"line":83,"column":9},"end":{"line":87,"column":9}},"type":"binary-expr","locations":[{"start":{"line":83,"column":9},"end":{"line":83,"column":15}},{"start":{"line":84,"column":10},"end":{"line":86,"column":16}}],"line":83}},"s":{"0":1,"1":2,"2":2,"3":2,"4":0,"5":0,"6":2,"7":0,"8":0,"9":0,"10":0,"11":2},"f":{"0":2,"1":0,"2":0},"b":{"0":[0,0],"1":[0,0,0],"2":[2,0]},"_coverageSchema":"1a1c01bbd47fc00a2c39e90264f33305004495a9","hash":"4fd38dd67edf01f37e2b6f43c5076b8a1122e152"}
,"C:\\Users\\abhishekb\\OneDrive - GainInsights Solutions Pvt Ltd\\Documents\\Self learn\\Namaste_react\\src\\components\\sum.js": {"path":"C:\\Users\\abhishekb\\OneDrive - GainInsights Solutions Pvt Ltd\\Documents\\Self learn\\Namaste_react\\src\\components\\sum.js","statementMap":{"0":{"start":{"line":1,"column":19},"end":{"line":3,"column":1}},"1":{"start":{"line":2,"column":4},"end":{"line":2,"column":17}}},"fnMap":{"0":{"name":"(anonymous_0)","decl":{"start":{"line":1,"column":19},"end":{"line":1,"column":20}},"loc":{"start":{"line":1,"column":29},"end":{"line":3,"column":1}},"line":1}},"branchMap":{},"s":{"0":1,"1":1},"f":{"0":1},"b":{},"_coverageSchema":"1a1c01bbd47fc00a2c39e90264f33305004495a9","hash":"edf4e9fb71f008bf8de2e078522961e694a4cb3a"}
}
