{"C:\\Users\\abhishekb\\OneDrive - GainInsights Solutions Pvt Ltd\\Documents\\Self learn\\Namaste_react\\src\\components\\Body.js": {"path":"C:\\Users\\abhishekb\\OneDrive - GainInsights Solutions Pvt Ltd\\Documents\\Self learn\\Namaste_react\\src\\components\\Body.js","statementMap":{"0":{"start":{"line":10,"column":13},"end":{"line":105,"column":1}},"1":{"start":{"line":11,"column":32},"end":{"line":11,"column":44}},"2":{"start":{"line":12,"column":42},"end":{"line":12,"column":54}},"3":{"start":{"line":13,"column":38},"end":{"line":13,"column":50}},"4":{"start":{"line":15,"column":23},"end":{"line":15,"column":41}},"5":{"start":{"line":17,"column":33},"end":{"line":17,"column":66}},"6":{"start":{"line":19,"column":20},"end":{"line":31,"column":3}},"7":{"start":{"line":20,"column":17},"end":{"line":20,"column":38}},"8":{"start":{"line":22,"column":17},"end":{"line":22,"column":34}},"9":{"start":{"line":25,"column":4},"end":{"line":27,"column":6}},"10":{"start":{"line":28,"column":4},"end":{"line":30,"column":6}},"11":{"start":{"line":33,"column":2},"end":{"line":35,"column":9}},"12":{"start":{"line":34,"column":4},"end":{"line":34,"column":16}},"13":{"start":{"line":37,"column":40},"end":{"line":37,"column":63}},"14":{"start":{"line":39,"column":2},"end":{"line":40,"column":74}},"15":{"start":{"line":40,"column":4},"end":{"line":40,"column":74}},"16":{"start":{"line":42,"column":2},"end":{"line":104,"column":4}},"17":{"start":{"line":50,"column":12},"end":{"line":50,"column":42}},"18":{"start":{"line":57,"column":31},"end":{"line":59,"column":13}},"19":{"start":{"line":58,"column":14},"end":{"line":58,"column":76}},"20":{"start":{"line":60,"column":12},"end":{"line":60,"column":40}},"21":{"start":{"line":68,"column":12},"end":{"line":68,"column":79}},"22":{"start":{"line":68,"column":52},"end":{"line":68,"column":76}},"23":{"start":{"line":78,"column":29},"end":{"line":78,"column":56}},"24":{"start":{"line":89,"column":12},"end":{"line":99,"column":19}}},"fnMap":{"0":{"name":"(anonymous_0)","decl":{"start":{"line":10,"column":13},"end":{"line":10,"column":14}},"loc":{"start":{"line":10,"column":19},"end":{"line":105,"column":1}},"line":10},"1":{"name":"(anonymous_1)","decl":{"start":{"line":19,"column":20},"end":{"line":19,"column":21}},"loc":{"start":{"line":19,"column":32},"end":{"line":31,"column":3}},"line":19},"2":{"name":"(anonymous_2)","decl":{"start":{"line":33,"column":12},"end":{"line":33,"column":13}},"loc":{"start":{"line":33,"column":18},"end":{"line":35,"column":3}},"line":33},"3":{"name":"(anonymous_3)","decl":{"start":{"line":49,"column":20},"end":{"line":49,"column":21}},"loc":{"start":{"line":49,"column":27},"end":{"line":51,"column":11}},"line":49},"4":{"name":"(anonymous_4)","decl":{"start":{"line":56,"column":19},"end":{"line":56,"column":20}},"loc":{"start":{"line":56,"column":25},"end":{"line":61,"column":11}},"line":56},"5":{"name":"(anonymous_5)","decl":{"start":{"line":57,"column":46},"end":{"line":57,"column":47}},"loc":{"start":{"line":58,"column":14},"end":{"line":58,"column":76}},"line":58},"6":{"name":"(anonymous_6)","decl":{"start":{"line":67,"column":19},"end":{"line":67,"column":20}},"loc":{"start":{"line":67,"column":25},"end":{"line":69,"column":11}},"line":67},"7":{"name":"(anonymous_7)","decl":{"start":{"line":68,"column":43},"end":{"line":68,"column":44}},"loc":{"start":{"line":68,"column":52},"end":{"line":68,"column":76}},"line":68},"8":{"name":"(anonymous_8)","decl":{"start":{"line":78,"column":22},"end":{"line":78,"column":23}},"loc":{"start":{"line":78,"column":29},"end":{"line":78,"column":56}},"line":78},"9":{"name":"(anonymous_9)","decl":{"start":{"line":88,"column":28},"end":{"line":88,"column":29}},"loc":{"start":{"line":89,"column":12},"end":{"line":99,"column":19}},"line":89}},"branchMap":{"0":{"loc":{"start":{"line":39,"column":2},"end":{"line":40,"column":74}},"type":"if","locations":[{"start":{"line":39,"column":2},"end":{"line":40,"column":74}},{"start":{},"end":{}}],"line":39},"1":{"loc":{"start":{"line":82,"column":7},"end":{"line":102,"column":7}},"type":"cond-expr","locations":[{"start":{"line":83,"column":8},"end":{"line":85,"column":14}},{"start":{"line":87,"column":8},"end":{"line":101,"column":14}}],"line":82},"2":{"loc":{"start":{"line":82,"column":7},"end":{"line":82,"column":54}},"type":"binary-expr","locations":[{"start":{"line":82,"column":7},"end":{"line":82,"column":26}},{"start":{"line":82,"column":30},"end":{"line":82,"column":54}}],"line":82},"3":{"loc":{"start":{"line":94,"column":15},"end":{"line":98,"column":15}},"type":"cond-expr","locations":[{"start":{"line":95,"column":16},"end":{"line":95,"column":57}},{"start":{"line":97,"column":16},"end":{"line":97,"column":49}}],"line":94}},"s":{"0":1,"1":2,"2":2,"3":2,"4":2,"5":2,"6":2,"7":1,"8":1,"9":1,"10":1,"11":2,"12":1,"13":2,"14":2,"15":0,"16":2,"17":0,"18":0,"19":0,"20":0,"21":0,"22":0,"23":0,"24":8},"f":{"0":2,"1":1,"2":1,"3":0,"4":0,"5":0,"6":0,"7":0,"8":0,"9":8},"b":{"0":[0,2],"1":[1,1],"2":[2,1],"3":[0,8]},"_coverageSchema":"1a1c01bbd47fc00a2c39e90264f33305004495a9","hash":"3537feec3faf05bf41f3325e79c8f90d0617a1b1"}
}
