TN:
SF:src\components\Body.js
FN:10,(anonymous_0)
FN:19,(anonymous_1)
FN:33,(anonymous_2)
FN:49,(anonymous_3)
FN:56,(anonymous_4)
FN:57,(anonymous_5)
FN:67,(anonymous_6)
FN:68,(anonymous_7)
FN:78,(anonymous_8)
FN:88,(anonymous_9)
FNF:10
FNH:4
FNDA:2,(anonymous_0)
FNDA:1,(anonymous_1)
FNDA:1,(anonymous_2)
FNDA:0,(anonymous_3)
FNDA:0,(anonymous_4)
FNDA:0,(anonymous_5)
FNDA:0,(anonymous_6)
FNDA:0,(anonymous_7)
FNDA:0,(anonymous_8)
FNDA:8,(anonymous_9)
DA:10,1
DA:11,2
DA:12,2
DA:13,2
DA:15,2
DA:17,2
DA:19,2
DA:20,1
DA:22,1
DA:25,1
DA:28,1
DA:33,2
DA:34,1
DA:37,2
DA:39,2
DA:40,0
DA:42,2
DA:50,0
DA:57,0
DA:58,0
DA:60,0
DA:68,0
DA:78,0
DA:89,8
LF:24
LH:17
BRDA:39,0,0,0
BRDA:39,0,1,2
BRDA:82,1,0,1
BRDA:82,1,1,1
BRDA:82,2,0,2
BRDA:82,2,1,1
BRDA:94,3,0,0
BRDA:94,3,1,8
BRF:8
BRH:6
end_of_record
